<?xml version="1.0" encoding="UTF-8"?>
<testng-results skipped="0" failed="0" ignored="0" total="4" passed="4">
  <reporter-output>
  </reporter-output>
  <suite name="Command line suite" duration-ms="30633" started-at="2019-05-26T21:32:59Z" finished-at="2019-05-26T21:33:30Z">
    <groups>
    </groups>
    <test name="Command line test" duration-ms="30633" started-at="2019-05-26T21:32:59Z" finished-at="2019-05-26T21:33:30Z">
      <class name="mycompany.SecondTest">
        <test-method status="PASS" signature="Login()[pri:0, instance:mycompany.SecondTest@3fb6a447]" name="Login" duration-ms="4803" started-at="2019-05-26T21:33:04Z" finished-at="2019-05-26T21:33:09Z">
          <reporter-output>
          </reporter-output>
        </test-method> <!-- Login -->
        <test-method status="PASS" signature="Composeemail()[pri:1, instance:mycompany.SecondTest@3fb6a447]" name="Composeemail" duration-ms="10244" started-at="2019-05-26T21:33:19Z" finished-at="2019-05-26T21:33:30Z">
          <reporter-output>
          </reporter-output>
        </test-method> <!-- Composeemail -->
      </class> <!-- mycompany.SecondTest -->
      <class name="mycompany.FirstTest">
        <test-method status="PASS" signature="initiate()[pri:0, instance:mycompany.FirstTest@7a5d012c]" name="initiate" is-config="true" duration-ms="1439" started-at="2019-05-26T21:32:57Z" finished-at="2019-05-26T21:32:58Z">
          <reporter-output>
          </reporter-output>
        </test-method> <!-- initiate -->
        <test-method status="PASS" signature="initiate()[pri:0, instance:mycompany.SecondTest@3fb6a447]" name="initiate" is-config="true" duration-ms="790" started-at="2019-05-26T21:32:58Z" finished-at="2019-05-26T21:32:59Z">
          <reporter-output>
          </reporter-output>
        </test-method> <!-- initiate -->
        <test-method status="PASS" signature="Login()[pri:0, instance:mycompany.FirstTest@7a5d012c]" name="Login" duration-ms="4989" started-at="2019-05-26T21:32:59Z" finished-at="2019-05-26T21:33:04Z">
          <reporter-output>
          </reporter-output>
        </test-method> <!-- Login -->
        <test-method status="PASS" signature="Composeemail()[pri:1, instance:mycompany.FirstTest@7a5d012c]" name="Composeemail" duration-ms="10580" started-at="2019-05-26T21:33:09Z" finished-at="2019-05-26T21:33:19Z">
          <reporter-output>
          </reporter-output>
        </test-method> <!-- Composeemail -->
        <test-method status="PASS" signature="end()[pri:0, instance:mycompany.FirstTest@7a5d012c]" name="end" is-config="true" duration-ms="140" started-at="2019-05-26T21:33:30Z" finished-at="2019-05-26T21:33:30Z">
          <reporter-output>
          </reporter-output>
        </test-method> <!-- end -->
        <test-method status="PASS" signature="end()[pri:0, instance:mycompany.SecondTest@3fb6a447]" name="end" is-config="true" duration-ms="137" started-at="2019-05-26T21:33:30Z" finished-at="2019-05-26T21:33:30Z">
          <reporter-output>
          </reporter-output>
        </test-method> <!-- end -->
      </class> <!-- mycompany.FirstTest -->
    </test> <!-- Command line test -->
  </suite> <!-- Command line suite -->
</testng-results>
