<?xml version="1.0" encoding="UTF-8"?>
<testng-results skipped="0" failed="0" ignored="0" total="2" passed="2">
  <reporter-output>
  </reporter-output>
  <suite name="Default suite" duration-ms="17512" started-at="2019-05-26T21:56:39Z" finished-at="2019-05-26T21:56:56Z">
    <groups>
    </groups>
    <test name="Default test" duration-ms="17512" started-at="2019-05-26T21:56:39Z" finished-at="2019-05-26T21:56:56Z">
      <class name="mycompany.FirstTest">
        <test-method status="PASS" signature="initiate()[pri:0, instance:mycompany.FirstTest@57baeedf]" name="initiate" is-config="true" duration-ms="1340" started-at="2019-05-26T21:56:37Z" finished-at="2019-05-26T21:56:39Z">
          <reporter-output>
          </reporter-output>
        </test-method> <!-- initiate -->
        <test-method status="PASS" signature="Login()[pri:0, instance:mycompany.FirstTest@57baeedf]" name="Login" duration-ms="5205" started-at="2019-05-26T21:56:39Z" finished-at="2019-05-26T21:56:44Z">
          <reporter-output>
          </reporter-output>
        </test-method> <!-- Login -->
        <test-method status="PASS" signature="Composeemail()[pri:1, instance:mycompany.FirstTest@57baeedf]" name="Composeemail" duration-ms="12290" started-at="2019-05-26T21:56:44Z" finished-at="2019-05-26T21:56:56Z">
          <reporter-output>
          </reporter-output>
        </test-method> <!-- Composeemail -->
        <test-method status="PASS" signature="end()[pri:0, instance:mycompany.FirstTest@57baeedf]" name="end" is-config="true" duration-ms="123" started-at="2019-05-26T21:56:56Z" finished-at="2019-05-26T21:56:56Z">
          <reporter-output>
          </reporter-output>
        </test-method> <!-- end -->
      </class> <!-- mycompany.FirstTest -->
    </test> <!-- Default test -->
  </suite> <!-- Default suite -->
</testng-results>
