<?xml version="1.0" encoding="UTF-8"?>
<!-- Generated by org.testng.reporters.JUnitXMLReporter -->
<testsuite hostname="chrishleys-mbp.wireless.concordia.ca" ignored="0" name="Command line test" tests="6" failures="0" timestamp="27 May 2019 00:36:06 GMT" time="45.78" errors="0">
  <testcase name="Login" time="4.547" classname="mycompany.FirstTest"/>
  <testcase name="Login" time="4.816" classname="mycompany.SecondTest"/>
  <testcase name="Login" time="4.804" classname="mycompany.ThirdTest"/>
  <testcase name="Composeemail" time="11.22" classname="mycompany.FirstTest"/>
  <testcase name="Composeemail" time="10.186" classname="mycompany.SecondTest"/>
  <testcase name="Composeemail" time="10.189" classname="mycompany.ThirdTest"/>
</testsuite> <!-- Command line test -->
