<?xml version="1.0" encoding="UTF-8"?>
<!-- Generated by org.testng.reporters.JUnitXMLReporter -->
<testsuite hostname="chrishleys-mbp.wireless.concordia.ca" ignored="0" name="Command line test" tests="4" failures="0" timestamp="26 May 2019 21:33:30 GMT" time="30.633" errors="0">
  <testcase name="Login" time="4.989" classname="mycompany.FirstTest"/>
  <testcase name="Login" time="4.803" classname="mycompany.SecondTest"/>
  <testcase name="Composeemail" time="10.58" classname="mycompany.FirstTest"/>
  <testcase name="Composeemail" time="10.244" classname="mycompany.SecondTest"/>
</testsuite> <!-- Command line test -->
